build/app/intermediates/manifest_merge_blame_file/release/manifest-merger-blame-release-report.txt
1<?xml version="1.0" encoding="utf-8"?>
2<manifest xmlns:android="http://schemas.android.com/apk/res/android"
3    package="com.yqgon.flutter"
4    android:versionCode="1"
5    android:versionName="1.0.0" >
6
7    <uses-sdk
8        android:minSdkVersion="21"
8-->src/main/AndroidManifest.xml
9        android:targetSdkVersion="30" />
9-->src/main/AndroidManifest.xml
10    <!--
11         io.flutter.app.FlutterApplication is an android.app.Application that
12         calls FlutterMain.startInitialization(this); in its onCreate method.
13         In most cases you can leave this as-is, but you if you want to provide
14         additional functionality it is fine to subclass or reimplement
15         FlutterApplication and put your custom class here.
16    -->
17    <uses-permission android:name="android.permission.CALL_PHONE" />
17-->src/main/AndroidManifest.xml:8:5-69
17-->src/main/AndroidManifest.xml:8:22-66
18    <uses-permission android:name="android.permission.ACCESS_COARSE_LOCATION" />
18-->src/main/AndroidManifest.xml:9:5-81
18-->src/main/AndroidManifest.xml:9:22-78
19    <uses-permission android:name="android.permission.ACCESS_FINE_LOCATION" />
19-->src/main/AndroidManifest.xml:10:5-79
19-->src/main/AndroidManifest.xml:10:22-76
20    <uses-permission android:name="android.permission.WRITE_EXTERNAL_STORAGE" />
20-->src/main/AndroidManifest.xml:11:5-81
20-->src/main/AndroidManifest.xml:11:22-78
21    <uses-permission android:name="android.permission.READ_EXTERNAL_STORAGE" />
21-->src/main/AndroidManifest.xml:12:5-80
21-->src/main/AndroidManifest.xml:12:22-77
22    <uses-permission android:name="android.permission.INTERNET" /> <!-- Required to show current location -->
22-->src/main/AndroidManifest.xml:13:5-67
22-->src/main/AndroidManifest.xml:13:22-64
23    <uses-permission android:name="android.permission.ACCESS_NETWORK_STATE" />
23-->src/main/AndroidManifest.xml:14:5-79
23-->src/main/AndroidManifest.xml:14:22-76
24    <uses-permission android:name="android.permission.CAMERA" /> <!-- Permission to use camera - required -->
24-->src/main/AndroidManifest.xml:15:5-65
24-->src/main/AndroidManifest.xml:15:22-62
25    <uses-permission
25-->src/main/AndroidManifest.xml:16:5-109
26        android:name="com.name.name.permission.C2D_MESSAGE"
26-->src/main/AndroidManifest.xml:16:22-73
27        android:protectionLevel="normal" />
27-->src/main/AndroidManifest.xml:16:74-106
28    <uses-permission android:name="android.permission.RECEIVE_BOOT_COMPLETED" />
28-->[:flutter_local_notifications] AndroidManifest.xml:7:5-81
28-->[:flutter_local_notifications] AndroidManifest.xml:7:22-78
29    <uses-permission android:name="android.permission.VIBRATE" />
29-->[:flutter_local_notifications] AndroidManifest.xml:8:5-66
29-->[:flutter_local_notifications] AndroidManifest.xml:8:22-63
30    <uses-permission android:name="android.permission.USE_FULL_SCREEN_INTENT" />
30-->[:flutter_local_notifications] AndroidManifest.xml:9:5-81
30-->[:flutter_local_notifications] AndroidManifest.xml:9:22-78
31    <uses-permission android:name="android.permission.WAKE_LOCK" /> <!-- Required by older versions of Google Play services to create IID tokens -->
31-->[com.google.firebase:firebase-iid:21.0.0] AndroidManifest.xml:24:5-68
31-->[com.google.firebase:firebase-iid:21.0.0] AndroidManifest.xml:24:22-65
32    <uses-permission android:name="com.google.android.c2dm.permission.RECEIVE" />
32-->[com.google.firebase:firebase-iid:21.0.0] AndroidManifest.xml:26:5-82
32-->[com.google.firebase:firebase-iid:21.0.0] AndroidManifest.xml:26:22-79
33    <uses-permission android:name="com.google.android.finsky.permission.BIND_GET_INSTALL_REFERRER_SERVICE" />
33-->[com.google.android.gms:play-services-measurement:17.6.0] AndroidManifest.xml:26:5-110
33-->[com.google.android.gms:play-services-measurement:17.6.0] AndroidManifest.xml:26:22-107
34
35    <uses-feature
35-->[com.google.android.gms:play-services-maps:17.0.0] AndroidManifest.xml:26:5-28:35
36        android:glEsVersion="0x00020000"
36-->[com.google.android.gms:play-services-maps:17.0.0] AndroidManifest.xml:27:9-41
37        android:required="true" />
37-->[com.google.android.gms:play-services-maps:17.0.0] AndroidManifest.xml:28:9-32
38
39    <application
39-->src/main/AndroidManifest.xml:17:5-65:19
40        android:name="io.flutter.app.FlutterApplication"
40-->src/main/AndroidManifest.xml:18:9-57
41        android:appComponentFactory="androidx.core.app.CoreComponentFactory"
41-->[androidx.core:core:1.3.1] AndroidManifest.xml:24:18-86
42        android:icon="@mipmap/ic_launcher"
42-->src/main/AndroidManifest.xml:21:9-43
43        android:label="Ipaayos mo"
43-->src/main/AndroidManifest.xml:19:9-35
44        android:supportsRtl="true"
44-->[com.facebook.android:facebook-android-sdk:5.5.1] AndroidManifest.xml:28:18-44
45        android:usesCleartextTraffic="true" >
45-->src/main/AndroidManifest.xml:20:9-44
46        <meta-data
46-->src/main/AndroidManifest.xml:22:9-24:69
47            android:name="com.google.android.geo.API_KEY"
47-->src/main/AndroidManifest.xml:23:11-56
48            android:value="AIzaSyB-ezHrAZ1x1elJqxN1MrPFVWgJIJ6frPI" />
48-->src/main/AndroidManifest.xml:24:11-66
49
50        <activity
50-->src/main/AndroidManifest.xml:25:9-59:20
51            android:name="com.yqgon.flutter.MainActivity"
51-->src/main/AndroidManifest.xml:26:13-41
52            android:configChanges="orientation|keyboardHidden|keyboard|screenSize|smallestScreenSize|locale|layoutDirection|fontScale|screenLayout|density|uiMode"
52-->src/main/AndroidManifest.xml:29:13-163
53            android:hardwareAccelerated="true"
53-->src/main/AndroidManifest.xml:30:13-47
54            android:launchMode="singleTop"
54-->src/main/AndroidManifest.xml:27:13-43
55            android:showWhenLocked="true"
55-->src/main/AndroidManifest.xml:31:13-42
56            android:theme="@style/LaunchTheme"
56-->src/main/AndroidManifest.xml:28:13-47
57            android:turnScreenOn="true"
57-->src/main/AndroidManifest.xml:32:13-40
58            android:windowSoftInputMode="adjustResize" >
58-->src/main/AndroidManifest.xml:33:13-55
59
60            <!--
61                 Specifies an Android theme to apply to this Activity as soon as
62                 the Android process has started. This theme is visible to the user
63                 while the Flutter UI initializes. After that, this theme continues
64                 to determine the Window background behind the Flutter UI.
65            -->
66            <meta-data
66-->src/main/AndroidManifest.xml:38:13-41:17
67                android:name="io.flutter.embedding.android.NormalTheme"
67-->src/main/AndroidManifest.xml:39:15-70
68                android:resource="@style/NormalTheme" />
68-->src/main/AndroidManifest.xml:40:15-52
69            <!--
70                 Displays an Android View that continues showing the launch screen
71                 Drawable until Flutter paints its first frame, then this splash
72                 screen fades out. A splash screen is useful to avoid any visual
73                 gap between the end of Android's launch screen and the painting of
74                 Flutter's first frame.
75            -->
76            <meta-data
76-->src/main/AndroidManifest.xml:47:13-50:17
77                android:name="io.flutter.embedding.android.SplashScreenDrawable"
77-->src/main/AndroidManifest.xml:48:15-79
78                android:resource="@drawable/launch_background" />
78-->src/main/AndroidManifest.xml:49:15-61
79
80            <intent-filter>
80-->src/main/AndroidManifest.xml:51:13-54:29
81                <action android:name="android.intent.action.MAIN" />
81-->src/main/AndroidManifest.xml:52:17-68
81-->src/main/AndroidManifest.xml:52:25-66
82
83                <category android:name="android.intent.category.LAUNCHER" />
83-->src/main/AndroidManifest.xml:53:17-76
83-->src/main/AndroidManifest.xml:53:27-74
84            </intent-filter>
85            <intent-filter>
85-->src/main/AndroidManifest.xml:55:13-58:29
86                <action android:name="FLUTTER_NOTIFICATION_CLICK" />
86-->src/main/AndroidManifest.xml:56:17-69
86-->src/main/AndroidManifest.xml:56:25-66
87
88                <category android:name="android.intent.category.DEFAULT" />
88-->src/main/AndroidManifest.xml:57:17-76
88-->src/main/AndroidManifest.xml:57:27-73
89            </intent-filter>
90        </activity>
91        <!--
92             Don't delete the meta-data below.
93             This is used by the Flutter tool to generate GeneratedPluginRegistrant.java
94        -->
95        <meta-data
95-->src/main/AndroidManifest.xml:62:9-64:33
96            android:name="flutterEmbedding"
96-->src/main/AndroidManifest.xml:63:13-44
97            android:value="2" />
97-->src/main/AndroidManifest.xml:64:13-30
98
99        <provider
99-->[:image_picker] AndroidManifest.xml:11:9-19:20
100            android:name="io.flutter.plugins.imagepicker.ImagePickerFileProvider"
100-->[:image_picker] AndroidManifest.xml:12:13-82
101            android:authorities="com.yqgon.flutter.flutter.image_provider"
101-->[:image_picker] AndroidManifest.xml:13:13-74
102            android:exported="false"
102-->[:image_picker] AndroidManifest.xml:14:13-37
103            android:grantUriPermissions="true" >
103-->[:image_picker] AndroidManifest.xml:15:13-47
104            <meta-data
104-->[:image_picker] AndroidManifest.xml:16:13-18:75
105                android:name="android.support.FILE_PROVIDER_PATHS"
105-->[:image_picker] AndroidManifest.xml:17:17-67
106                android:resource="@xml/flutter_image_picker_file_paths" />
106-->[:image_picker] AndroidManifest.xml:18:17-72
107        </provider>
108
109        <service android:name="io.flutter.plugins.firebasemessaging.FlutterFirebaseMessagingService" >
109-->[:firebase_messaging] AndroidManifest.xml:8:9-12:19
109-->[:firebase_messaging] AndroidManifest.xml:8:18-101
110            <intent-filter>
110-->[:firebase_messaging] AndroidManifest.xml:9:13-11:29
111                <action android:name="com.google.firebase.MESSAGING_EVENT" />
111-->[:firebase_messaging] AndroidManifest.xml:10:17-78
111-->[:firebase_messaging] AndroidManifest.xml:10:25-75
112            </intent-filter>
113        </service>
114        <service
114-->[:firebase_messaging] AndroidManifest.xml:13:9-17:19
115            android:name="com.google.firebase.components.ComponentDiscoveryService"
115-->[:firebase_messaging] AndroidManifest.xml:13:18-89
116            android:directBootAware="true"
116-->[com.google.firebase:firebase-common:19.3.1] AndroidManifest.xml:35:13-43
117            android:exported="false" >
117-->[com.google.firebase:firebase-messaging:21.0.0] AndroidManifest.xml:38:13-37
118            <meta-data
118-->[:firebase_messaging] AndroidManifest.xml:14:13-16:85
119                android:name="com.google.firebase.components:io.flutter.plugins.firebasemessaging.FlutterFirebaseAppRegistrar"
119-->[:firebase_messaging] AndroidManifest.xml:15:17-127
120                android:value="com.google.firebase.components.ComponentRegistrar" />
120-->[:firebase_messaging] AndroidManifest.xml:16:17-82
121            <meta-data
121-->[:cloud_firestore] AndroidManifest.xml:9:13-11:85
122                android:name="com.google.firebase.components:io.flutter.plugins.firebase.firestore.FlutterFirebaseFirestoreRegistrar"
122-->[:cloud_firestore] AndroidManifest.xml:10:17-134
123                android:value="com.google.firebase.components.ComponentRegistrar" />
123-->[:cloud_firestore] AndroidManifest.xml:11:17-82
124            <meta-data
124-->[:firebase_auth] AndroidManifest.xml:9:13-11:85
125                android:name="com.google.firebase.components:io.flutter.plugins.firebase.auth.FlutterFirebaseAuthRegistrar"
125-->[:firebase_auth] AndroidManifest.xml:10:17-124
126                android:value="com.google.firebase.components.ComponentRegistrar" />
126-->[:firebase_auth] AndroidManifest.xml:11:17-82
127            <meta-data
127-->[:firebase_core] AndroidManifest.xml:9:13-11:85
128                android:name="com.google.firebase.components:io.flutter.plugins.firebase.core.FlutterFirebaseCoreRegistrar"
128-->[:firebase_core] AndroidManifest.xml:10:17-124
129                android:value="com.google.firebase.components.ComponentRegistrar" />
129-->[:firebase_core] AndroidManifest.xml:11:17-82
130            <meta-data
130-->[com.google.firebase:firebase-messaging:21.0.0] AndroidManifest.xml:39:13-41:85
131                android:name="com.google.firebase.components:com.google.firebase.messaging.FirebaseMessagingRegistrar"
131-->[com.google.firebase:firebase-messaging:21.0.0] AndroidManifest.xml:40:17-119
132                android:value="com.google.firebase.components.ComponentRegistrar" />
132-->[com.google.firebase:firebase-messaging:21.0.0] AndroidManifest.xml:41:17-82
133            <meta-data
133-->[com.google.firebase:firebase-auth:19.4.0] AndroidManifest.xml:36:13-38:85
134                android:name="com.google.firebase.components:com.google.firebase.auth.FirebaseAuthRegistrar"
134-->[com.google.firebase:firebase-auth:19.4.0] AndroidManifest.xml:37:17-109
135                android:value="com.google.firebase.components.ComponentRegistrar" />
135-->[com.google.firebase:firebase-auth:19.4.0] AndroidManifest.xml:38:17-82
136            <meta-data
136-->[com.google.firebase:firebase-iid:21.0.0] AndroidManifest.xml:32:13-34:85
137                android:name="com.google.firebase.components:com.google.firebase.iid.Registrar"
137-->[com.google.firebase:firebase-iid:21.0.0] AndroidManifest.xml:33:17-96
138                android:value="com.google.firebase.components.ComponentRegistrar" />
138-->[com.google.firebase:firebase-iid:21.0.0] AndroidManifest.xml:34:17-82
139            <meta-data
139-->[com.google.android.gms:play-services-measurement-api:17.6.0] AndroidManifest.xml:30:13-32:85
140                android:name="com.google.firebase.components:com.google.firebase.analytics.connector.internal.AnalyticsConnectorRegistrar"
140-->[com.google.android.gms:play-services-measurement-api:17.6.0] AndroidManifest.xml:31:17-139
141                android:value="com.google.firebase.components.ComponentRegistrar" />
141-->[com.google.android.gms:play-services-measurement-api:17.6.0] AndroidManifest.xml:32:17-82
142            <meta-data
142-->[com.google.firebase:firebase-installations:16.3.3] AndroidManifest.xml:17:13-19:85
143                android:name="com.google.firebase.components:com.google.firebase.installations.FirebaseInstallationsRegistrar"
143-->[com.google.firebase:firebase-installations:16.3.3] AndroidManifest.xml:18:17-127
144                android:value="com.google.firebase.components.ComponentRegistrar" />
144-->[com.google.firebase:firebase-installations:16.3.3] AndroidManifest.xml:19:17-82
145            <meta-data
145-->[com.google.firebase:firebase-firestore:21.7.1] AndroidManifest.xml:20:13-22:85
146                android:name="com.google.firebase.components:com.google.firebase.firestore.FirestoreRegistrar"
146-->[com.google.firebase:firebase-firestore:21.7.1] AndroidManifest.xml:21:17-111
147                android:value="com.google.firebase.components.ComponentRegistrar" />
147-->[com.google.firebase:firebase-firestore:21.7.1] AndroidManifest.xml:22:17-82
148            <meta-data
148-->[com.google.firebase:firebase-datatransport:17.0.3] AndroidManifest.xml:28:13-30:85
149                android:name="com.google.firebase.components:com.google.firebase.datatransport.TransportRegistrar"
149-->[com.google.firebase:firebase-datatransport:17.0.3] AndroidManifest.xml:29:17-115
150                android:value="com.google.firebase.components.ComponentRegistrar" />
150-->[com.google.firebase:firebase-datatransport:17.0.3] AndroidManifest.xml:30:17-82
151        </service>
152
153        <activity
153-->[:razorpay_flutter] AndroidManifest.xml:8:9-11:20
154            android:name="com.razorpay.CheckoutActivity"
154-->[:razorpay_flutter] AndroidManifest.xml:9:13-57
155            android:configChanges="keyboard|keyboardHidden|orientation|screenSize"
155-->[com.razorpay:checkout:1.6.4] AndroidManifest.xml:20:13-83
156            android:label="Razorpay Checkout"
156-->[:razorpay_flutter] AndroidManifest.xml:10:13-46
157            android:theme="@style/CheckoutTheme" >
157-->[com.razorpay:checkout:1.6.4] AndroidManifest.xml:21:13-49
158            <intent-filter>
158-->[com.razorpay:checkout:1.6.4] AndroidManifest.xml:22:13-28:29
159                <action android:name="android.intent.action.MAIN" />
159-->src/main/AndroidManifest.xml:52:17-68
159-->src/main/AndroidManifest.xml:52:25-66
160
161                <data
161-->[com.firebaseui:firebase-ui-auth:4.3.1] AndroidManifest.xml:98:17-81
162                    android:host="rzp.io"
163                    android:scheme="io.rzp" />
163-->[com.firebaseui:firebase-ui-auth:4.3.1] AndroidManifest.xml:98:23-78
164            </intent-filter>
165        </activity>
166        <activity
166-->[:url_launcher] AndroidManifest.xml:8:9-11:74
167            android:name="io.flutter.plugins.urllauncher.WebViewActivity"
167-->[:url_launcher] AndroidManifest.xml:9:13-74
168            android:exported="false"
168-->[:url_launcher] AndroidManifest.xml:10:13-37
169            android:theme="@android:style/Theme.NoTitleBar.Fullscreen" />
169-->[:url_launcher] AndroidManifest.xml:11:13-71
170
171        <receiver android:name="com.dexterous.flutterlocalnotifications.ScheduledNotificationReceiver" />
171-->[:flutter_local_notifications] AndroidManifest.xml:12:9-106
171-->[:flutter_local_notifications] AndroidManifest.xml:12:19-103
172        <receiver android:name="com.dexterous.flutterlocalnotifications.ScheduledNotificationBootReceiver" >
172-->[:flutter_local_notifications] AndroidManifest.xml:13:9-20:20
172-->[:flutter_local_notifications] AndroidManifest.xml:13:19-107
173            <intent-filter>
173-->[:flutter_local_notifications] AndroidManifest.xml:14:13-19:29
174                <action android:name="android.intent.action.BOOT_COMPLETED" />
174-->[:flutter_local_notifications] AndroidManifest.xml:15:17-79
174-->[:flutter_local_notifications] AndroidManifest.xml:15:25-76
175                <action android:name="android.intent.action.MY_PACKAGE_REPLACED" />
175-->[:flutter_local_notifications] AndroidManifest.xml:16:17-84
175-->[:flutter_local_notifications] AndroidManifest.xml:16:25-81
176                <action android:name="android.intent.action.QUICKBOOT_POWERON" />
176-->[:flutter_local_notifications] AndroidManifest.xml:17:17-82
176-->[:flutter_local_notifications] AndroidManifest.xml:17:25-79
177                <action android:name="com.htc.intent.action.QUICKBOOT_POWERON" />
177-->[:flutter_local_notifications] AndroidManifest.xml:18:17-82
177-->[:flutter_local_notifications] AndroidManifest.xml:18:25-79
178            </intent-filter>
179        </receiver>
180
181        <provider
181-->[:share] AndroidManifest.xml:8:9-16:20
182            android:name="io.flutter.plugins.share.ShareFileProvider"
182-->[:share] AndroidManifest.xml:9:13-70
183            android:authorities="com.yqgon.flutter.flutter.share_provider"
183-->[:share] AndroidManifest.xml:10:13-74
184            android:exported="false"
184-->[:share] AndroidManifest.xml:11:13-37
185            android:grantUriPermissions="true" >
185-->[:share] AndroidManifest.xml:12:13-47
186            <meta-data
186-->[:image_picker] AndroidManifest.xml:16:13-18:75
187                android:name="android.support.FILE_PROVIDER_PATHS"
187-->[:image_picker] AndroidManifest.xml:17:17-67
188                android:resource="@xml/flutter_share_file_paths" />
188-->[:image_picker] AndroidManifest.xml:18:17-72
189        </provider>
190        <!--
191             FirebaseMessagingService performs security checks at runtime,
192             but set to not exported to explicitly avoid allowing another app to call it.
193        -->
194        <service
194-->[com.google.firebase:firebase-messaging:21.0.0] AndroidManifest.xml:28:9-35:19
195            android:name="com.google.firebase.messaging.FirebaseMessagingService"
195-->[com.google.firebase:firebase-messaging:21.0.0] AndroidManifest.xml:29:13-82
196            android:directBootAware="true"
196-->[com.google.firebase:firebase-messaging:21.0.0] AndroidManifest.xml:30:13-43
197            android:exported="false" >
197-->[com.google.firebase:firebase-messaging:21.0.0] AndroidManifest.xml:31:13-37
198            <intent-filter android:priority="-500" >
198-->[:firebase_messaging] AndroidManifest.xml:9:13-11:29
199                <action android:name="com.google.firebase.MESSAGING_EVENT" />
199-->[:firebase_messaging] AndroidManifest.xml:10:17-78
199-->[:firebase_messaging] AndroidManifest.xml:10:25-75
200            </intent-filter>
201        </service>
202
203        <meta-data
203-->[com.firebaseui:firebase-ui-auth:4.3.1] AndroidManifest.xml:16:9-18:69
204            android:name="com.google.android.gms.version"
204-->[com.firebaseui:firebase-ui-auth:4.3.1] AndroidManifest.xml:17:13-58
205            android:value="@integer/google_play_services_version" />
205-->[com.firebaseui:firebase-ui-auth:4.3.1] AndroidManifest.xml:18:13-66
206        <meta-data
206-->[com.firebaseui:firebase-ui-auth:4.3.1] AndroidManifest.xml:19:9-21:63
207            android:name="com.facebook.sdk.ApplicationId"
207-->[com.firebaseui:firebase-ui-auth:4.3.1] AndroidManifest.xml:20:13-58
208            android:value="@string/facebook_application_id" />
208-->[com.firebaseui:firebase-ui-auth:4.3.1] AndroidManifest.xml:21:13-60
209
210        <activity
210-->[com.firebaseui:firebase-ui-auth:4.3.1] AndroidManifest.xml:23:9-27:61
211            android:name="com.firebase.ui.auth.KickoffActivity"
211-->[com.firebaseui:firebase-ui-auth:4.3.1] AndroidManifest.xml:24:13-64
212            android:exported="false"
212-->[com.firebaseui:firebase-ui-auth:4.3.1] AndroidManifest.xml:25:13-37
213            android:label=""
213-->[com.firebaseui:firebase-ui-auth:4.3.1] AndroidManifest.xml:26:13-29
214            android:theme="@style/FirebaseUI.Transparent" />
214-->[com.firebaseui:firebase-ui-auth:4.3.1] AndroidManifest.xml:27:13-58
215        <activity
215-->[com.firebaseui:firebase-ui-auth:4.3.1] AndroidManifest.xml:28:9-32:61
216            android:name="com.firebase.ui.auth.ui.idp.SingleSignInActivity"
216-->[com.firebaseui:firebase-ui-auth:4.3.1] AndroidManifest.xml:29:13-76
217            android:exported="false"
217-->[com.firebaseui:firebase-ui-auth:4.3.1] AndroidManifest.xml:30:13-37
218            android:label=""
218-->[com.firebaseui:firebase-ui-auth:4.3.1] AndroidManifest.xml:31:13-29
219            android:theme="@style/FirebaseUI.Transparent" />
219-->[com.firebaseui:firebase-ui-auth:4.3.1] AndroidManifest.xml:32:13-58
220        <activity
220-->[com.firebaseui:firebase-ui-auth:4.3.1] AndroidManifest.xml:33:9-37:61
221            android:name="com.firebase.ui.auth.ui.credentials.CredentialSaveActivity"
221-->[com.firebaseui:firebase-ui-auth:4.3.1] AndroidManifest.xml:34:13-86
222            android:exported="false"
222-->[com.firebaseui:firebase-ui-auth:4.3.1] AndroidManifest.xml:35:13-37
223            android:label=""
223-->[com.firebaseui:firebase-ui-auth:4.3.1] AndroidManifest.xml:36:13-29
224            android:theme="@style/FirebaseUI.Transparent" />
224-->[com.firebaseui:firebase-ui-auth:4.3.1] AndroidManifest.xml:37:13-58
225        <activity
225-->[com.firebaseui:firebase-ui-auth:4.3.1] AndroidManifest.xml:38:9-42:58
226            android:name="com.firebase.ui.auth.ui.email.RecoverPasswordActivity"
226-->[com.firebaseui:firebase-ui-auth:4.3.1] AndroidManifest.xml:39:13-81
227            android:exported="false"
227-->[com.firebaseui:firebase-ui-auth:4.3.1] AndroidManifest.xml:40:13-37
228            android:label="@string/fui_title_recover_password_activity"
228-->[com.firebaseui:firebase-ui-auth:4.3.1] AndroidManifest.xml:41:13-72
229            android:windowSoftInputMode="adjustResize" />
229-->[com.firebaseui:firebase-ui-auth:4.3.1] AndroidManifest.xml:42:13-55
230        <activity
230-->[com.firebaseui:firebase-ui-auth:4.3.1] AndroidManifest.xml:43:9-47:58
231            android:name="com.firebase.ui.auth.ui.email.EmailActivity"
231-->[com.firebaseui:firebase-ui-auth:4.3.1] AndroidManifest.xml:44:13-71
232            android:exported="false"
232-->[com.firebaseui:firebase-ui-auth:4.3.1] AndroidManifest.xml:45:13-37
233            android:label="@string/fui_sign_in_default"
233-->[com.firebaseui:firebase-ui-auth:4.3.1] AndroidManifest.xml:46:13-56
234            android:windowSoftInputMode="adjustResize" />
234-->[com.firebaseui:firebase-ui-auth:4.3.1] AndroidManifest.xml:47:13-55
235        <activity
235-->[com.firebaseui:firebase-ui-auth:4.3.1] AndroidManifest.xml:48:9-52:77
236            android:name="com.firebase.ui.auth.ui.phone.PhoneActivity"
236-->[com.firebaseui:firebase-ui-auth:4.3.1] AndroidManifest.xml:49:13-71
237            android:exported="false"
237-->[com.firebaseui:firebase-ui-auth:4.3.1] AndroidManifest.xml:50:13-37
238            android:label="@string/fui_sign_in_with_phone_number"
238-->[com.firebaseui:firebase-ui-auth:4.3.1] AndroidManifest.xml:51:13-66
239            android:windowSoftInputMode="adjustResize|stateAlwaysVisible" />
239-->[com.firebaseui:firebase-ui-auth:4.3.1] AndroidManifest.xml:52:13-74
240        <activity
240-->[com.firebaseui:firebase-ui-auth:4.3.1] AndroidManifest.xml:53:9-57:58
241            android:name="com.firebase.ui.auth.ui.idp.WelcomeBackIdpPrompt"
241-->[com.firebaseui:firebase-ui-auth:4.3.1] AndroidManifest.xml:54:13-76
242            android:exported="false"
242-->[com.firebaseui:firebase-ui-auth:4.3.1] AndroidManifest.xml:55:13-37
243            android:label="@string/fui_title_welcome_back_idp_prompt"
243-->[com.firebaseui:firebase-ui-auth:4.3.1] AndroidManifest.xml:56:13-70
244            android:windowSoftInputMode="adjustResize" />
244-->[com.firebaseui:firebase-ui-auth:4.3.1] AndroidManifest.xml:57:13-55
245        <activity
245-->[com.firebaseui:firebase-ui-auth:4.3.1] AndroidManifest.xml:58:9-62:58
246            android:name="com.firebase.ui.auth.ui.email.WelcomeBackPasswordPrompt"
246-->[com.firebaseui:firebase-ui-auth:4.3.1] AndroidManifest.xml:59:13-83
247            android:exported="false"
247-->[com.firebaseui:firebase-ui-auth:4.3.1] AndroidManifest.xml:60:13-37
248            android:label="@string/fui_title_welcome_back_password_prompt"
248-->[com.firebaseui:firebase-ui-auth:4.3.1] AndroidManifest.xml:61:13-75
249            android:windowSoftInputMode="adjustResize" />
249-->[com.firebaseui:firebase-ui-auth:4.3.1] AndroidManifest.xml:62:13-55
250        <activity
250-->[com.firebaseui:firebase-ui-auth:4.3.1] AndroidManifest.xml:63:9-67:58
251            android:name="com.firebase.ui.auth.ui.email.WelcomeBackEmailLinkPrompt"
251-->[com.firebaseui:firebase-ui-auth:4.3.1] AndroidManifest.xml:64:13-84
252            android:exported="false"
252-->[com.firebaseui:firebase-ui-auth:4.3.1] AndroidManifest.xml:65:13-37
253            android:label="@string/fui_title_welcome_back_password_prompt"
253-->[com.firebaseui:firebase-ui-auth:4.3.1] AndroidManifest.xml:66:13-75
254            android:windowSoftInputMode="adjustResize" />
254-->[com.firebaseui:firebase-ui-auth:4.3.1] AndroidManifest.xml:67:13-55
255        <activity
255-->[com.firebaseui:firebase-ui-auth:4.3.1] AndroidManifest.xml:68:9-73:58
256            android:name="com.firebase.ui.auth.ui.email.EmailLinkCatcherActivity"
256-->[com.firebaseui:firebase-ui-auth:4.3.1] AndroidManifest.xml:69:13-82
257            android:exported="false"
257-->[com.firebaseui:firebase-ui-auth:4.3.1] AndroidManifest.xml:70:13-37
258            android:label=""
258-->[com.firebaseui:firebase-ui-auth:4.3.1] AndroidManifest.xml:71:13-29
259            android:theme="@style/FirebaseUI.Transparent"
259-->[com.firebaseui:firebase-ui-auth:4.3.1] AndroidManifest.xml:72:13-58
260            android:windowSoftInputMode="adjustResize" />
260-->[com.firebaseui:firebase-ui-auth:4.3.1] AndroidManifest.xml:73:13-55
261        <activity
261-->[com.firebaseui:firebase-ui-auth:4.3.1] AndroidManifest.xml:74:9-78:58
262            android:name="com.firebase.ui.auth.ui.email.EmailLinkErrorRecoveryActivity"
262-->[com.firebaseui:firebase-ui-auth:4.3.1] AndroidManifest.xml:75:13-88
263            android:exported="false"
263-->[com.firebaseui:firebase-ui-auth:4.3.1] AndroidManifest.xml:76:13-37
264            android:label="@string/fui_sign_in_default"
264-->[com.firebaseui:firebase-ui-auth:4.3.1] AndroidManifest.xml:77:13-56
265            android:windowSoftInputMode="adjustResize" />
265-->[com.firebaseui:firebase-ui-auth:4.3.1] AndroidManifest.xml:78:13-55
266        <activity
266-->[com.firebaseui:firebase-ui-auth:4.3.1] AndroidManifest.xml:79:9-82:65
267            android:name="com.firebase.ui.auth.ui.idp.AuthMethodPickerActivity"
267-->[com.firebaseui:firebase-ui-auth:4.3.1] AndroidManifest.xml:80:13-80
268            android:exported="false"
268-->[com.firebaseui:firebase-ui-auth:4.3.1] AndroidManifest.xml:81:13-37
269            android:label="@string/fui_default_toolbar_title" />
269-->[com.firebaseui:firebase-ui-auth:4.3.1] AndroidManifest.xml:82:13-62
270        <activity
270-->[com.firebaseui:firebase-ui-auth:4.3.1] AndroidManifest.xml:83:9-87:48
271            android:name="com.facebook.FacebookActivity"
271-->[com.firebaseui:firebase-ui-auth:4.3.1] AndroidManifest.xml:84:13-57
272            android:configChanges="keyboard|keyboardHidden|screenLayout|screenSize|orientation"
272-->[com.firebaseui:firebase-ui-auth:4.3.1] AndroidManifest.xml:85:13-96
273            android:label="@string/app_name"
273-->[com.firebaseui:firebase-ui-auth:4.3.1] AndroidManifest.xml:86:13-45
274            android:theme="@style/com_facebook_activity_theme" />
274-->[com.facebook.android:facebook-common:5.5.1] AndroidManifest.xml:32:13-63
275        <activity